<?xml version="1.0" encoding="UTF-8"?>
<testng-results ignored="0" total="1" passed="1" failed="0" skipped="0">
  <reporter-output>
  </reporter-output>
  <suite started-at="2022-12-30T22:44:56 IST" name="Default suite" finished-at="2022-12-30T22:45:12 IST" duration-ms="16170">
    <groups>
    </groups>
    <test started-at="2022-12-30T22:44:56 IST" name="Default test" finished-at="2022-12-30T22:45:12 IST" duration-ms="16170">
      <class name="LakhanAdewar.AppiumAndroid.AppiumbasicLakhan">
        <test-method is-config="true" signature="ConfigAppium()[pri:0, instance:LakhanAdewar.AppiumAndroid.AppiumbasicLakhan@67c27493]" started-at="2022-12-30T22:44:56 IST" name="ConfigAppium" finished-at="2022-12-30T22:45:07 IST" duration-ms="10816" status="PASS">
          <reporter-output>
          </reporter-output>
        </test-method> <!-- ConfigAppium -->
        <test-method signature="main()[pri:0, instance:LakhanAdewar.AppiumAndroid.AppiumbasicLakhan@67c27493]" started-at="2022-12-30T22:45:07 IST" name="main" finished-at="2022-12-30T22:45:12 IST" duration-ms="4797" status="PASS">
          <reporter-output>
          </reporter-output>
        </test-method> <!-- main -->
        <test-method is-config="true" signature="stopServices()[pri:0, instance:LakhanAdewar.AppiumAndroid.AppiumbasicLakhan@67c27493]" started-at="2022-12-30T22:45:12 IST" name="stopServices" finished-at="2022-12-30T22:45:12 IST" duration-ms="505" status="PASS">
          <reporter-output>
          </reporter-output>
        </test-method> <!-- stopServices -->
      </class> <!-- LakhanAdewar.AppiumAndroid.AppiumbasicLakhan -->
    </test> <!-- Default test -->
  </suite> <!-- Default suite -->
</testng-results>
